<?xml version="1.0" encoding="UTF-8"?>
<!-- Generated by org.testng.reporters.JUnitReportReporter -->
<testsuite skipped="0" hostname="DESKTOP-2UIORBA" name="com.automation.prac.qa.test.HomePageTest" tests="1" failures="0" timestamp="06 Jan 2019 12:58:31 GMT" time="23.255" errors="0">
  <testcase name="fn_navigate_to_Login_page" time="23.255" classname="com.automation.prac.qa.test.HomePageTest"/>
</testsuite> <!-- com.automation.prac.qa.test.HomePageTest -->
